This file contains any messages produced by compilers while
running configure, to aid debugging if configure makes a mistake.

It was created by leqm-nrt configure 0.20, which was
generated by GNU Autoconf 2.69.  Invocation command line was

  $ ./configure 

## --------- ##
## Platform. ##
## --------- ##

hostname = laptop2
uname -m = x86_64
uname -r = 5.0.0-050000-generic
uname -s = Linux
uname -v = #201903032031 SMP Mon Mar 4 01:33:18 UTC 2019

/usr/bin/uname -p = unknown
/bin/uname -X     = unknown

/bin/arch              = unknown
/usr/bin/arch -k       = unknown
/usr/convex/getsysinfo = unknown
/usr/bin/hostinfo      = unknown
/bin/machine           = unknown
/usr/bin/oslevel       = unknown
/bin/universe          = unknown

PATH: /usr/local/sbin
PATH: /usr/local/bin
PATH: /usr/sbin
PATH: /usr/bin
PATH: /sbin
PATH: /bin
PATH: /usr/games
PATH: /usr/local/games
PATH: /snap/bin


## ----------- ##
## Core tests. ##
## ----------- ##

configure:2330: checking for a BSD-compatible install
configure:2398: result: /usr/bin/install -c
configure:2409: checking whether build environment is sane
configure:2464: result: yes
configure:2615: checking for a thread-safe mkdir -p
configure:2654: result: /bin/mkdir -p
configure:2661: checking for gawk
configure:2677: found /usr/bin/gawk
configure:2688: result: gawk
configure:2699: checking whether make sets $(MAKE)
configure:2721: result: yes
configure:2750: checking whether make supports nested variables
configure:2767: result: yes
configure:2946: checking for gcc
configure:2962: found /usr/bin/gcc
configure:2973: result: gcc
configure:3202: checking for C compiler version
configure:3211: gcc --version >&5
gcc (Ubuntu 5.4.0-6ubuntu1~16.04.12) 5.4.0 20160609
Copyright (C) 2015 Free Software Foundation, Inc.
This is free software; see the source for copying conditions.  There is NO
warranty; not even for MERCHANTABILITY or FITNESS FOR A PARTICULAR PURPOSE.

configure:3222: $? = 0
configure:3211: gcc -v >&5
Using built-in specs.
COLLECT_GCC=gcc
COLLECT_LTO_WRAPPER=/usr/lib/gcc/x86_64-linux-gnu/5/lto-wrapper
Target: x86_64-linux-gnu
Configured with: ../src/configure -v --with-pkgversion='Ubuntu 5.4.0-6ubuntu1~16.04.12' --with-bugurl=file:///usr/share/doc/gcc-5/README.Bugs --enable-languages=c,ada,c++,java,go,d,fortran,objc,obj-c++ --prefix=/usr --program-suffix=-5 --enable-shared --enable-linker-build-id --libexecdir=/usr/lib --without-included-gettext --enable-threads=posix --libdir=/usr/lib --enable-nls --with-sysroot=/ --enable-clocale=gnu --enable-libstdcxx-debug --enable-libstdcxx-time=yes --with-default-libstdcxx-abi=new --enable-gnu-unique-object --disable-vtable-verify --enable-libmpx --enable-plugin --with-system-zlib --disable-browser-plugin --enable-java-awt=gtk --enable-gtk-cairo --with-java-home=/usr/lib/jvm/java-1.5.0-gcj-5-amd64/jre --enable-java-home --with-jvm-root-dir=/usr/lib/jvm/java-1.5.0-gcj-5-amd64 --with-jvm-jar-dir=/usr/lib/jvm-exports/java-1.5.0-gcj-5-amd64 --with-arch-directory=amd64 --with-ecj-jar=/usr/share/java/eclipse-ecj.jar --enable-objc-gc --enable-multiarch --disable-werror --with-arch-32=i686 --with-abi=m64 --with-multilib-list=m32,m64,mx32 --enable-multilib --with-tune=generic --enable-checking=release --build=x86_64-linux-gnu --host=x86_64-linux-gnu --target=x86_64-linux-gnu
Thread model: posix
gcc version 5.4.0 20160609 (Ubuntu 5.4.0-6ubuntu1~16.04.12) 
configure:3222: $? = 0
configure:3211: gcc -V >&5
gcc: error: unrecognized command line option '-V'
gcc: fatal error: no input files
compilation terminated.
configure:3222: $? = 1
configure:3211: gcc -qversion >&5
gcc: error: unrecognized command line option '-qversion'
gcc: fatal error: no input files
compilation terminated.
configure:3222: $? = 1
configure:3242: checking whether the C compiler works
configure:3264: gcc    conftest.c  >&5
configure:3268: $? = 0
configure:3316: result: yes
configure:3319: checking for C compiler default output file name
configure:3321: result: a.out
configure:3327: checking for suffix of executables
configure:3334: gcc -o conftest    conftest.c  >&5
configure:3338: $? = 0
configure:3360: result: 
configure:3382: checking whether we are cross compiling
configure:3390: gcc -o conftest    conftest.c  >&5
configure:3394: $? = 0
configure:3401: ./conftest
configure:3405: $? = 0
configure:3420: result: no
configure:3425: checking for suffix of object files
configure:3447: gcc -c   conftest.c >&5
configure:3451: $? = 0
configure:3472: result: o
configure:3476: checking whether we are using the GNU C compiler
configure:3495: gcc -c   conftest.c >&5
configure:3495: $? = 0
configure:3504: result: yes
configure:3513: checking whether gcc accepts -g
configure:3533: gcc -c -g  conftest.c >&5
configure:3533: $? = 0
configure:3574: result: yes
configure:3591: checking for gcc option to accept ISO C89
configure:3654: gcc  -c -g -O2  conftest.c >&5
configure:3654: $? = 0
configure:3667: result: none needed
configure:3692: checking whether gcc understands -c and -o together
configure:3714: gcc -c conftest.c -o conftest2.o
configure:3717: $? = 0
configure:3714: gcc -c conftest.c -o conftest2.o
configure:3717: $? = 0
configure:3729: result: yes
configure:3757: checking for style of include used by make
configure:3785: result: GNU
configure:3811: checking dependency style of gcc
configure:3922: result: gcc3
configure:3946: checking for main in -lavcodec
configure:3965: gcc -o conftest -g -O2 -I/usr/include/di   -L/usr/lib/di conftest.c -lavcodec   >&5
configure:3965: $? = 0
configure:3974: result: yes
configure:3986: checking for main in -lavformat
configure:4005: gcc -o conftest -g -O2 -I/usr/include/di   -L/usr/lib/di conftest.c -lavformat  -lavcodec  >&5
configure:4005: $? = 0
configure:4014: result: yes
configure:4026: checking for main in -lavutil
configure:4045: gcc -o conftest -g -O2 -I/usr/include/di   -L/usr/lib/di conftest.c -lavutil  -lavformat -lavcodec  >&5
configure:4045: $? = 0
configure:4054: result: yes
configure:4066: checking for main in -lm
configure:4085: gcc -o conftest -g -O2 -I/usr/include/di   -L/usr/lib/di conftest.c -lm  -lavutil -lavformat -lavcodec  >&5
configure:4085: $? = 0
configure:4094: result: yes
configure:4106: checking for main in -lpthread
configure:4125: gcc -o conftest -g -O2 -I/usr/include/di   -L/usr/lib/di conftest.c -lpthread  -lm -lavutil -lavformat -lavcodec  >&5
configure:4125: $? = 0
configure:4134: result: yes
configure:4187: result: Linking with ffmpeg
configure:4194: checking for main in -lrt
configure:4213: gcc -o conftest -g -O2 -I/usr/include/di   -L/usr/lib/di conftest.c -lrt  -lpthread -lm -lavutil -lavformat -lavcodec  >&5
configure:4213: $? = 0
configure:4222: result: yes
configure:4236: checking for di_init in -ldi
configure:4261: gcc -o conftest -g -O2 -I/usr/include/di   -L/usr/lib/di conftest.c -ldi  -lrt -lpthread -lm -lavutil -lavformat -lavcodec  >&5
configure:4261: $? = 0
configure:4270: result: yes
configure:4289: checking how to run the C preprocessor
configure:4320: gcc -E  conftest.c
configure:4320: $? = 0
configure:4334: gcc -E  conftest.c
conftest.c:18:28: fatal error: ac_nonexistent.h: No such file or directory
compilation terminated.
configure:4334: $? = 1
configure: failed program was:
| /* confdefs.h */
| #define PACKAGE_NAME "leqm-nrt"
| #define PACKAGE_TARNAME "leqm-nrt"
| #define PACKAGE_VERSION "0.20"
| #define PACKAGE_STRING "leqm-nrt 0.20"
| #define PACKAGE_BUGREPORT "luca.trisciani@dcp-werkstatt.ch"
| #define PACKAGE_URL ""
| #define PACKAGE "leqm-nrt"
| #define VERSION "0.20"
| #define HAVE_LIBAVCODEC 1
| #define HAVE_LIBAVFORMAT 1
| #define HAVE_LIBAVUTIL 1
| #define HAVE_LIBM 1
| #define HAVE_LIBPTHREAD 1
| #define HAVE_LIBRT 1
| #define HAVE_LIBDI 1
| /* end confdefs.h.  */
| #include <ac_nonexistent.h>
configure:4359: result: gcc -E
configure:4379: gcc -E  conftest.c
configure:4379: $? = 0
configure:4393: gcc -E  conftest.c
conftest.c:18:28: fatal error: ac_nonexistent.h: No such file or directory
compilation terminated.
configure:4393: $? = 1
configure: failed program was:
| /* confdefs.h */
| #define PACKAGE_NAME "leqm-nrt"
| #define PACKAGE_TARNAME "leqm-nrt"
| #define PACKAGE_VERSION "0.20"
| #define PACKAGE_STRING "leqm-nrt 0.20"
| #define PACKAGE_BUGREPORT "luca.trisciani@dcp-werkstatt.ch"
| #define PACKAGE_URL ""
| #define PACKAGE "leqm-nrt"
| #define VERSION "0.20"
| #define HAVE_LIBAVCODEC 1
| #define HAVE_LIBAVFORMAT 1
| #define HAVE_LIBAVUTIL 1
| #define HAVE_LIBM 1
| #define HAVE_LIBPTHREAD 1
| #define HAVE_LIBRT 1
| #define HAVE_LIBDI 1
| /* end confdefs.h.  */
| #include <ac_nonexistent.h>
configure:4422: checking for grep that handles long lines and -e
configure:4480: result: /bin/grep
configure:4485: checking for egrep
configure:4547: result: /bin/grep -E
configure:4552: checking for ANSI C header files
configure:4572: gcc -c -g -O2 -I/usr/include/di  conftest.c >&5
configure:4572: $? = 0
configure:4645: gcc -o conftest -g -O2 -I/usr/include/di   -L/usr/lib/di conftest.c -ldi -lrt -lpthread -lm -lavutil -lavformat -lavcodec  >&5
configure:4645: $? = 0
configure:4645: ./conftest
configure:4645: $? = 0
configure:4656: result: yes
configure:4669: checking for sys/types.h
configure:4669: gcc -c -g -O2 -I/usr/include/di  conftest.c >&5
configure:4669: $? = 0
configure:4669: result: yes
configure:4669: checking for sys/stat.h
configure:4669: gcc -c -g -O2 -I/usr/include/di  conftest.c >&5
configure:4669: $? = 0
configure:4669: result: yes
configure:4669: checking for stdlib.h
configure:4669: gcc -c -g -O2 -I/usr/include/di  conftest.c >&5
configure:4669: $? = 0
configure:4669: result: yes
configure:4669: checking for string.h
configure:4669: gcc -c -g -O2 -I/usr/include/di  conftest.c >&5
configure:4669: $? = 0
configure:4669: result: yes
configure:4669: checking for memory.h
configure:4669: gcc -c -g -O2 -I/usr/include/di  conftest.c >&5
configure:4669: $? = 0
configure:4669: result: yes
configure:4669: checking for strings.h
configure:4669: gcc -c -g -O2 -I/usr/include/di  conftest.c >&5
configure:4669: $? = 0
configure:4669: result: yes
configure:4669: checking for inttypes.h
configure:4669: gcc -c -g -O2 -I/usr/include/di  conftest.c >&5
configure:4669: $? = 0
configure:4669: result: yes
configure:4669: checking for stdint.h
configure:4669: gcc -c -g -O2 -I/usr/include/di  conftest.c >&5
configure:4669: $? = 0
configure:4669: result: yes
configure:4669: checking for unistd.h
configure:4669: gcc -c -g -O2 -I/usr/include/di  conftest.c >&5
configure:4669: $? = 0
configure:4669: result: yes
configure:4684: checking for stdlib.h
configure:4684: result: yes
configure:4684: checking for string.h
configure:4684: result: yes
configure:4684: checking sys/param.h usability
configure:4684: gcc -c -g -O2 -I/usr/include/di  conftest.c >&5
configure:4684: $? = 0
configure:4684: result: yes
configure:4684: checking sys/param.h presence
configure:4684: gcc -E  conftest.c
configure:4684: $? = 0
configure:4684: result: yes
configure:4684: checking for sys/param.h
configure:4684: result: yes
configure:4684: checking for unistd.h
configure:4684: result: yes
configure:4684: checking di/di.h usability
configure:4684: gcc -c -g -O2 -I/usr/include/di  conftest.c >&5
configure:4684: $? = 0
configure:4684: result: yes
configure:4684: checking di/di.h presence
configure:4684: gcc -E  conftest.c
configure:4684: $? = 0
configure:4684: result: yes
configure:4684: checking for di/di.h
configure:4684: result: yes
configure:4684: checking for stdint.h
configure:4684: result: yes
configure:4696: checking for int16_t
configure:4696: gcc -c -g -O2 -I/usr/include/di  conftest.c >&5
configure:4696: $? = 0
configure:4696: gcc -c -g -O2 -I/usr/include/di  conftest.c >&5
conftest.c: In function 'main':
conftest.c:71:12: error: size of array 'test_array' is negative
 static int test_array [1 - 2 * !((int16_t) (((((int16_t) 1 << N) << N) - 1) * 2 + 1)
            ^
configure:4696: $? = 1
configure: failed program was:
| /* confdefs.h */
| #define PACKAGE_NAME "leqm-nrt"
| #define PACKAGE_TARNAME "leqm-nrt"
| #define PACKAGE_VERSION "0.20"
| #define PACKAGE_STRING "leqm-nrt 0.20"
| #define PACKAGE_BUGREPORT "luca.trisciani@dcp-werkstatt.ch"
| #define PACKAGE_URL ""
| #define PACKAGE "leqm-nrt"
| #define VERSION "0.20"
| #define HAVE_LIBAVCODEC 1
| #define HAVE_LIBAVFORMAT 1
| #define HAVE_LIBAVUTIL 1
| #define HAVE_LIBM 1
| #define HAVE_LIBPTHREAD 1
| #define HAVE_LIBRT 1
| #define HAVE_LIBDI 1
| #define STDC_HEADERS 1
| #define HAVE_SYS_TYPES_H 1
| #define HAVE_SYS_STAT_H 1
| #define HAVE_STDLIB_H 1
| #define HAVE_STRING_H 1
| #define HAVE_MEMORY_H 1
| #define HAVE_STRINGS_H 1
| #define HAVE_INTTYPES_H 1
| #define HAVE_STDINT_H 1
| #define HAVE_UNISTD_H 1
| #define HAVE_STDLIB_H 1
| #define HAVE_STRING_H 1
| #define HAVE_SYS_PARAM_H 1
| #define HAVE_UNISTD_H 1
| #define HAVE_DI_DI_H 1
| #define HAVE_STDINT_H 1
| /* end confdefs.h.  */
| #include <stdio.h>
| #ifdef HAVE_SYS_TYPES_H
| # include <sys/types.h>
| #endif
| #ifdef HAVE_SYS_STAT_H
| # include <sys/stat.h>
| #endif
| #ifdef STDC_HEADERS
| # include <stdlib.h>
| # include <stddef.h>
| #else
| # ifdef HAVE_STDLIB_H
| #  include <stdlib.h>
| # endif
| #endif
| #ifdef HAVE_STRING_H
| # if !defined STDC_HEADERS && defined HAVE_MEMORY_H
| #  include <memory.h>
| # endif
| # include <string.h>
| #endif
| #ifdef HAVE_STRINGS_H
| # include <strings.h>
| #endif
| #ifdef HAVE_INTTYPES_H
| # include <inttypes.h>
| #endif
| #ifdef HAVE_STDINT_H
| # include <stdint.h>
| #endif
| #ifdef HAVE_UNISTD_H
| # include <unistd.h>
| #endif
| 	        enum { N = 16 / 2 - 1 };
| int
| main ()
| {
| static int test_array [1 - 2 * !((int16_t) (((((int16_t) 1 << N) << N) - 1) * 2 + 1)
| 		 < (int16_t) (((((int16_t) 1 << N) << N) - 1) * 2 + 2))];
| test_array [0] = 0;
| return test_array [0];
| 
|   ;
|   return 0;
| }
configure:4696: result: yes
configure:4707: checking for int32_t
configure:4707: gcc -c -g -O2 -I/usr/include/di  conftest.c >&5
configure:4707: $? = 0
configure:4707: gcc -c -g -O2 -I/usr/include/di  conftest.c >&5
conftest.c: In function 'main':
conftest.c:72:53: warning: integer overflow in expression [-Woverflow]
    < (int32_t) (((((int32_t) 1 << N) << N) - 1) * 2 + 2))];
                                                     ^
conftest.c:71:12: error: storage size of 'test_array' isn't constant
 static int test_array [1 - 2 * !((int32_t) (((((int32_t) 1 << N) << N) - 1) * 2 + 1)
            ^
configure:4707: $? = 1
configure: failed program was:
| /* confdefs.h */
| #define PACKAGE_NAME "leqm-nrt"
| #define PACKAGE_TARNAME "leqm-nrt"
| #define PACKAGE_VERSION "0.20"
| #define PACKAGE_STRING "leqm-nrt 0.20"
| #define PACKAGE_BUGREPORT "luca.trisciani@dcp-werkstatt.ch"
| #define PACKAGE_URL ""
| #define PACKAGE "leqm-nrt"
| #define VERSION "0.20"
| #define HAVE_LIBAVCODEC 1
| #define HAVE_LIBAVFORMAT 1
| #define HAVE_LIBAVUTIL 1
| #define HAVE_LIBM 1
| #define HAVE_LIBPTHREAD 1
| #define HAVE_LIBRT 1
| #define HAVE_LIBDI 1
| #define STDC_HEADERS 1
| #define HAVE_SYS_TYPES_H 1
| #define HAVE_SYS_STAT_H 1
| #define HAVE_STDLIB_H 1
| #define HAVE_STRING_H 1
| #define HAVE_MEMORY_H 1
| #define HAVE_STRINGS_H 1
| #define HAVE_INTTYPES_H 1
| #define HAVE_STDINT_H 1
| #define HAVE_UNISTD_H 1
| #define HAVE_STDLIB_H 1
| #define HAVE_STRING_H 1
| #define HAVE_SYS_PARAM_H 1
| #define HAVE_UNISTD_H 1
| #define HAVE_DI_DI_H 1
| #define HAVE_STDINT_H 1
| /* end confdefs.h.  */
| #include <stdio.h>
| #ifdef HAVE_SYS_TYPES_H
| # include <sys/types.h>
| #endif
| #ifdef HAVE_SYS_STAT_H
| # include <sys/stat.h>
| #endif
| #ifdef STDC_HEADERS
| # include <stdlib.h>
| # include <stddef.h>
| #else
| # ifdef HAVE_STDLIB_H
| #  include <stdlib.h>
| # endif
| #endif
| #ifdef HAVE_STRING_H
| # if !defined STDC_HEADERS && defined HAVE_MEMORY_H
| #  include <memory.h>
| # endif
| # include <string.h>
| #endif
| #ifdef HAVE_STRINGS_H
| # include <strings.h>
| #endif
| #ifdef HAVE_INTTYPES_H
| # include <inttypes.h>
| #endif
| #ifdef HAVE_STDINT_H
| # include <stdint.h>
| #endif
| #ifdef HAVE_UNISTD_H
| # include <unistd.h>
| #endif
| 	        enum { N = 32 / 2 - 1 };
| int
| main ()
| {
| static int test_array [1 - 2 * !((int32_t) (((((int32_t) 1 << N) << N) - 1) * 2 + 1)
| 		 < (int32_t) (((((int32_t) 1 << N) << N) - 1) * 2 + 2))];
| test_array [0] = 0;
| return test_array [0];
| 
|   ;
|   return 0;
| }
configure:4707: result: yes
configure:4718: checking for uint8_t
configure:4718: gcc -c -g -O2 -I/usr/include/di  conftest.c >&5
configure:4718: $? = 0
configure:4718: result: yes
configure:4736: checking for stdlib.h
configure:4736: result: yes
configure:4746: checking for GNU libc compatible malloc
configure:4770: gcc -o conftest -g -O2 -I/usr/include/di   -L/usr/lib/di conftest.c -ldi -lrt -lpthread -lm -lavutil -lavformat -lavcodec  >&5
configure:4770: $? = 0
configure:4770: ./conftest
configure:4770: $? = 0
configure:4780: result: yes
configure:4804: checking for clock_gettime
configure:4804: gcc -o conftest -g -O2 -I/usr/include/di   -L/usr/lib/di conftest.c -ldi -lrt -lpthread -lm -lavutil -lavformat -lavcodec  >&5
configure:4804: $? = 0
configure:4804: result: yes
configure:4804: checking for memset
configure:4804: gcc -o conftest -g -O2 -I/usr/include/di   -L/usr/lib/di conftest.c -ldi -lrt -lpthread -lm -lavutil -lavformat -lavcodec  >&5
conftest.c:60:6: warning: conflicting types for built-in function 'memset'
 char memset ();
      ^
configure:4804: $? = 0
configure:4804: result: yes
configure:4804: checking for pow
configure:4804: gcc -o conftest -g -O2 -I/usr/include/di   -L/usr/lib/di conftest.c -ldi -lrt -lpthread -lm -lavutil -lavformat -lavcodec  >&5
conftest.c:61:6: warning: conflicting types for built-in function 'pow'
 char pow ();
      ^
configure:4804: $? = 0
configure:4804: result: yes
configure:4925: checking that generated files are newer than configure
configure:4931: result: done
configure:4954: creating ./config.status

## ---------------------- ##
## Running config.status. ##
## ---------------------- ##

This file was extended by leqm-nrt config.status 0.20, which was
generated by GNU Autoconf 2.69.  Invocation command line was

  CONFIG_FILES    = 
  CONFIG_HEADERS  = 
  CONFIG_LINKS    = 
  CONFIG_COMMANDS = 
  $ ./config.status 

on laptop2

config.status:872: creating Makefile
config.status:872: creating src/Makefile
config.status:872: creating config.h
config.status:1053: config.h is unchanged
config.status:1101: executing depfiles commands

## ---------------- ##
## Cache variables. ##
## ---------------- ##

ac_cv_c_compiler_gnu=yes
ac_cv_c_int16_t=yes
ac_cv_c_int32_t=yes
ac_cv_c_uint8_t=yes
ac_cv_env_CC_set=
ac_cv_env_CC_value=
ac_cv_env_CFLAGS_set=
ac_cv_env_CFLAGS_value=
ac_cv_env_CPPFLAGS_set=
ac_cv_env_CPPFLAGS_value=
ac_cv_env_CPP_set=
ac_cv_env_CPP_value=
ac_cv_env_LDFLAGS_set=
ac_cv_env_LDFLAGS_value=
ac_cv_env_LIBS_set=
ac_cv_env_LIBS_value=
ac_cv_env_build_alias_set=
ac_cv_env_build_alias_value=
ac_cv_env_host_alias_set=
ac_cv_env_host_alias_value=
ac_cv_env_target_alias_set=
ac_cv_env_target_alias_value=
ac_cv_func_clock_gettime=yes
ac_cv_func_malloc_0_nonnull=yes
ac_cv_func_memset=yes
ac_cv_func_pow=yes
ac_cv_header_di_di_h=yes
ac_cv_header_inttypes_h=yes
ac_cv_header_memory_h=yes
ac_cv_header_stdc=yes
ac_cv_header_stdint_h=yes
ac_cv_header_stdlib_h=yes
ac_cv_header_string_h=yes
ac_cv_header_strings_h=yes
ac_cv_header_sys_param_h=yes
ac_cv_header_sys_stat_h=yes
ac_cv_header_sys_types_h=yes
ac_cv_header_unistd_h=yes
ac_cv_lib_avcodec_main=yes
ac_cv_lib_avformat_main=yes
ac_cv_lib_avutil_main=yes
ac_cv_lib_di_di_init=yes
ac_cv_lib_m_main=yes
ac_cv_lib_pthread_main=yes
ac_cv_lib_rt_main=yes
ac_cv_objext=o
ac_cv_path_EGREP='/bin/grep -E'
ac_cv_path_GREP=/bin/grep
ac_cv_path_install='/usr/bin/install -c'
ac_cv_path_mkdir=/bin/mkdir
ac_cv_prog_AWK=gawk
ac_cv_prog_CPP='gcc -E'
ac_cv_prog_ac_ct_CC=gcc
ac_cv_prog_cc_c89=
ac_cv_prog_cc_g=yes
ac_cv_prog_make_make_set=yes
am_cv_CC_dependencies_compiler_type=gcc3
am_cv_make_support_nested_variables=yes
am_cv_prog_cc_c_o=yes

## ----------------- ##
## Output variables. ##
## ----------------- ##

ACLOCAL='${SHELL} /home/lt/leqm-nrt/missing aclocal-1.15'
AMDEPBACKSLASH='\'
AMDEP_FALSE='#'
AMDEP_TRUE=''
AMTAR='$${TAR-tar}'
AM_BACKSLASH='\'
AM_DEFAULT_V='$(AM_DEFAULT_VERBOSITY)'
AM_DEFAULT_VERBOSITY='1'
AM_V='$(V)'
AUTOCONF='${SHELL} /home/lt/leqm-nrt/missing autoconf'
AUTOHEADER='${SHELL} /home/lt/leqm-nrt/missing autoheader'
AUTOMAKE='${SHELL} /home/lt/leqm-nrt/missing automake-1.15'
AWK='gawk'
CC='gcc'
CCDEPMODE='depmode=gcc3'
CFLAGS='-g -O2 -I/usr/include/di'
CPP='gcc -E'
CPPFLAGS=''
CYGPATH_W='echo'
DEFS='-DHAVE_CONFIG_H'
DEPDIR='.deps'
ECHO_C=''
ECHO_N='-n'
ECHO_T=''
EGREP='/bin/grep -E'
EXEEXT=''
GREP='/bin/grep'
INSTALL_DATA='${INSTALL} -m 644'
INSTALL_PROGRAM='${INSTALL}'
INSTALL_SCRIPT='${INSTALL}'
INSTALL_STRIP_PROGRAM='$(install_sh) -c -s'
LDFLAGS=' -L/usr/lib/di'
LIBOBJS=''
LIBS='-ldi -lrt -lpthread -lm -lavutil -lavformat -lavcodec '
LTLIBOBJS=''
MAKEINFO='${SHELL} /home/lt/leqm-nrt/missing makeinfo'
MKDIR_P='/bin/mkdir -p'
OBJEXT='o'
PACKAGE='leqm-nrt'
PACKAGE_BUGREPORT='luca.trisciani@dcp-werkstatt.ch'
PACKAGE_NAME='leqm-nrt'
PACKAGE_STRING='leqm-nrt 0.20'
PACKAGE_TARNAME='leqm-nrt'
PACKAGE_URL=''
PACKAGE_VERSION='0.20'
PATH_SEPARATOR=':'
SET_MAKE=''
SHELL='/bin/bash'
STRIP=''
VERSION='0.20'
ac_ct_CC='gcc'
am__EXEEXT_FALSE=''
am__EXEEXT_TRUE='#'
am__fastdepCC_FALSE='#'
am__fastdepCC_TRUE=''
am__include='include'
am__isrc=''
am__leading_dot='.'
am__nodep='_no'
am__quote=''
am__tar='$${TAR-tar} chof - "$$tardir"'
am__untar='$${TAR-tar} xf -'
bindir='${exec_prefix}/bin'
build_alias=''
datadir='${datarootdir}'
datarootdir='${prefix}/share'
docdir='${datarootdir}/doc/${PACKAGE_TARNAME}'
dvidir='${docdir}'
exec_prefix='${prefix}'
host_alias=''
htmldir='${docdir}'
includedir='${prefix}/include'
infodir='${datarootdir}/info'
install_sh='${SHELL} /home/lt/leqm-nrt/install-sh'
libdir='${exec_prefix}/lib'
libexecdir='${exec_prefix}/libexec'
localedir='${datarootdir}/locale'
localstatedir='${prefix}/var'
mandir='${datarootdir}/man'
mkdir_p='$(MKDIR_P)'
oldincludedir='/usr/include'
pdfdir='${docdir}'
prefix='/usr/local'
program_transform_name='s,x,x,'
psdir='${docdir}'
runstatedir='${localstatedir}/run'
sbindir='${exec_prefix}/sbin'
sharedstatedir='${prefix}/com'
sysconfdir='${prefix}/etc'
target_alias=''

## ----------- ##
## confdefs.h. ##
## ----------- ##

/* confdefs.h */
#define PACKAGE_NAME "leqm-nrt"
#define PACKAGE_TARNAME "leqm-nrt"
#define PACKAGE_VERSION "0.20"
#define PACKAGE_STRING "leqm-nrt 0.20"
#define PACKAGE_BUGREPORT "luca.trisciani@dcp-werkstatt.ch"
#define PACKAGE_URL ""
#define PACKAGE "leqm-nrt"
#define VERSION "0.20"
#define HAVE_LIBAVCODEC 1
#define HAVE_LIBAVFORMAT 1
#define HAVE_LIBAVUTIL 1
#define HAVE_LIBM 1
#define HAVE_LIBPTHREAD 1
#define HAVE_LIBRT 1
#define HAVE_LIBDI 1
#define STDC_HEADERS 1
#define HAVE_SYS_TYPES_H 1
#define HAVE_SYS_STAT_H 1
#define HAVE_STDLIB_H 1
#define HAVE_STRING_H 1
#define HAVE_MEMORY_H 1
#define HAVE_STRINGS_H 1
#define HAVE_INTTYPES_H 1
#define HAVE_STDINT_H 1
#define HAVE_UNISTD_H 1
#define HAVE_STDLIB_H 1
#define HAVE_STRING_H 1
#define HAVE_SYS_PARAM_H 1
#define HAVE_UNISTD_H 1
#define HAVE_DI_DI_H 1
#define HAVE_STDINT_H 1
#define HAVE_STDLIB_H 1
#define HAVE_MALLOC 1
#define HAVE_CLOCK_GETTIME 1
#define HAVE_MEMSET 1
#define HAVE_POW 1

configure: exit 0
